Application/manifest-merger-debug-report.txt
-- Merging decision tree log ---
manifest
ADDED from AndroidManifest.xml:17:1
	xmlns:android
		ADDED from AndroidManifest.xml:17:11
	package
		ADDED from AndroidManifest.xml:18:9
		INJECTED from AndroidManifest.xml:0:0
		INJECTED from AndroidManifest.xml:0:0
	android:versionName
		INJECTED from AndroidManifest.xml:0:0
		INJECTED from AndroidManifest.xml:0:0
	android:versionCode
		INJECTED from AndroidManifest.xml:0:0
		INJECTED from AndroidManifest.xml:0:0
uses-sdk
ADDED from AndroidManifest.xml:20:5
MERGED from com.google.android.gms:play-services-wearable:6.5.87:18:5
MERGED from com.google.android.gms:play-services-base:6.5.87:18:5
MERGED from com.android.support:support-v4:21.0.3:15:5
MERGED from com.android.support:support-v13:21.0.3:15:5
MERGED from com.android.support:support-v4:21.0.3:15:5
MERGED from com.google.android.support:wearable:1.1.0:6:5
MERGED from com.android.support:support-v4:21.0.3:15:5
MERGED from com.android.support:recyclerview-v7:21.0.0:15:5
MERGED from com.android.support:support-v4:21.0.3:15:5
	android:targetSdkVersion
		ADDED from AndroidManifest.xml:21:9
	android:minSdkVersion
		ADDED from AndroidManifest.xml:20:15
uses-feature#android.hardware.type.watch
ADDED from AndroidManifest.xml:23:5
	android:name
		ADDED from AndroidManifest.xml:23:19
uses-permission#com.google.android.permission.PROVIDE_BACKGROUND
ADDED from AndroidManifest.xml:26:5
	android:name
		ADDED from AndroidManifest.xml:26:22
uses-permission#android.permission.WAKE_LOCK
ADDED from AndroidManifest.xml:27:5
	android:name
		ADDED from AndroidManifest.xml:27:22
uses-permission#android.permission.READ_CALENDAR
ADDED from AndroidManifest.xml:30:5
	android:name
		ADDED from AndroidManifest.xml:30:22
uses-permission#android.permission.INTERNET
ADDED from AndroidManifest.xml:31:5
	android:name
		ADDED from AndroidManifest.xml:31:22
uses-permission#android.permission.ACCESS_NETWORK_STATE
ADDED from AndroidManifest.xml:32:5
	android:name
		ADDED from AndroidManifest.xml:32:22
uses-permission#android.permission.RECEIVE_BOOT_COMPLETED
ADDED from AndroidManifest.xml:33:5
	android:name
		ADDED from AndroidManifest.xml:33:22
application
ADDED from AndroidManifest.xml:35:5
MERGED from com.google.android.gms:play-services-wearable:6.5.87:19:5
MERGED from com.google.android.gms:play-services-base:6.5.87:20:5
MERGED from com.android.support:support-v4:21.0.3:16:5
MERGED from com.android.support:support-v13:21.0.3:16:5
MERGED from com.android.support:support-v4:21.0.3:16:5
MERGED from com.google.android.support:wearable:1.1.0:10:5
MERGED from com.android.support:support-v4:21.0.3:16:5
MERGED from com.android.support:recyclerview-v7:21.0.0:17:5
MERGED from com.android.support:support-v4:21.0.3:16:5
	android:label
		ADDED from AndroidManifest.xml:38:13
	android:allowBackup
		ADDED from AndroidManifest.xml:36:13
	android:icon
		ADDED from AndroidManifest.xml:37:13
service#com.example.android.wearable.watchface.AnalogWatchFaceService
ADDED from AndroidManifest.xml:40:9
	android:label
		ADDED from AndroidManifest.xml:42:17
	android:permission
		ADDED from AndroidManifest.xml:45:17
	android:allowEmbedded
		ADDED from AndroidManifest.xml:43:17
	android:taskAffinity
		ADDED from AndroidManifest.xml:44:17
	android:name
		ADDED from AndroidManifest.xml:41:17
meta-data#android.service.wallpaper
ADDED from AndroidManifest.xml:46:13
	android:resource
		ADDED from AndroidManifest.xml:48:21
	android:name
		ADDED from AndroidManifest.xml:47:21
meta-data#com.google.android.wearable.watchface.preview
ADDED from AndroidManifest.xml:49:13
	android:resource
		ADDED from AndroidManifest.xml:51:21
	android:name
		ADDED from AndroidManifest.xml:50:21
meta-data#com.google.android.wearable.watchface.preview_circular
ADDED from AndroidManifest.xml:52:13
	android:resource
		ADDED from AndroidManifest.xml:54:21
	android:name
		ADDED from AndroidManifest.xml:53:21
meta-data#com.google.android.wearable.watchface.companionConfigurationAction
ADDED from AndroidManifest.xml:55:13
	android:name
		ADDED from AndroidManifest.xml:56:21
	android:value
		ADDED from AndroidManifest.xml:57:21
intent-filter#android.service.wallpaper.WallpaperService+com.google.android.wearable.watchface.category.WATCH_FACE
ADDED from AndroidManifest.xml:58:13
action#android.service.wallpaper.WallpaperService
ADDED from AndroidManifest.xml:59:17
	android:name
		ADDED from AndroidManifest.xml:59:25
category#com.google.android.wearable.watchface.category.WATCH_FACE
ADDED from AndroidManifest.xml:60:17
	android:name
		ADDED from AndroidManifest.xml:60:27
service#com.example.android.wearable.watchface.SweepWatchFaceService
ADDED from AndroidManifest.xml:64:9
	android:label
		ADDED from AndroidManifest.xml:66:17
	android:permission
		ADDED from AndroidManifest.xml:69:17
	android:allowEmbedded
		ADDED from AndroidManifest.xml:67:17
	android:taskAffinity
		ADDED from AndroidManifest.xml:68:17
	android:name
		ADDED from AndroidManifest.xml:65:17
service#com.example.android.wearable.watchface.TiltWatchFaceService
ADDED from AndroidManifest.xml:85:9
	android:label
		ADDED from AndroidManifest.xml:87:17
	android:permission
		ADDED from AndroidManifest.xml:90:17
	android:allowEmbedded
		ADDED from AndroidManifest.xml:88:17
	android:taskAffinity
		ADDED from AndroidManifest.xml:89:17
	android:name
		ADDED from AndroidManifest.xml:86:17
service#com.example.android.wearable.watchface.CardBoundsWatchFaceService
ADDED from AndroidManifest.xml:110:9
	android:label
		ADDED from AndroidManifest.xml:112:17
	android:permission
		ADDED from AndroidManifest.xml:115:17
	android:allowEmbedded
		ADDED from AndroidManifest.xml:113:17
	android:taskAffinity
		ADDED from AndroidManifest.xml:114:17
	android:name
		ADDED from AndroidManifest.xml:111:17
service#com.example.android.wearable.watchface.DigitalWatchFaceService
ADDED from AndroidManifest.xml:134:9
	android:label
		ADDED from AndroidManifest.xml:136:17
	android:permission
		ADDED from AndroidManifest.xml:139:17
	android:allowEmbedded
		ADDED from AndroidManifest.xml:137:17
	android:taskAffinity
		ADDED from AndroidManifest.xml:138:17
	android:name
		ADDED from AndroidManifest.xml:135:17
meta-data#com.google.android.wearable.watchface.wearableConfigurationAction
ADDED from AndroidManifest.xml:152:13
	android:name
		ADDED from AndroidManifest.xml:153:21
	android:value
		ADDED from AndroidManifest.xml:154:21
activity#com.example.android.wearable.watchface.DigitalWatchFaceWearableConfigActivity
ADDED from AndroidManifest.xml:165:9
	android:label
		ADDED from AndroidManifest.xml:167:17
	android:name
		ADDED from AndroidManifest.xml:166:17
intent-filter#android.intent.category.DEFAULT+com.example.android.wearable.watchface.CONFIG_DIGITAL+com.google.android.wearable.watchface.category.WEARABLE_CONFIGURATION
ADDED from AndroidManifest.xml:168:13
action#com.example.android.wearable.watchface.CONFIG_DIGITAL
ADDED from AndroidManifest.xml:169:17
	android:name
		ADDED from AndroidManifest.xml:169:25
category#com.google.android.wearable.watchface.category.WEARABLE_CONFIGURATION
ADDED from AndroidManifest.xml:170:17
	android:name
		ADDED from AndroidManifest.xml:170:27
category#android.intent.category.DEFAULT
ADDED from AndroidManifest.xml:171:17
	android:name
		ADDED from AndroidManifest.xml:171:27
service#com.example.android.wearable.watchface.CalendarWatchFaceService
ADDED from AndroidManifest.xml:175:9
	android:label
		ADDED from AndroidManifest.xml:177:17
	android:permission
		ADDED from AndroidManifest.xml:180:17
	android:allowEmbedded
		ADDED from AndroidManifest.xml:178:17
	android:taskAffinity
		ADDED from AndroidManifest.xml:179:17
	android:name
		ADDED from AndroidManifest.xml:176:17
service#com.example.android.wearable.watchface.AnalogWatchFaceStockListenerService
ADDED from AndroidManifest.xml:196:9
	android:name
		ADDED from AndroidManifest.xml:196:18
intent-filter#com.google.android.gms.wearable.BIND_LISTENER
ADDED from AndroidManifest.xml:197:13
action#com.google.android.gms.wearable.BIND_LISTENER
ADDED from AndroidManifest.xml:198:17
	android:name
		ADDED from AndroidManifest.xml:198:25
service#com.example.android.wearable.watchface.DigitalWatchFaceConfigListenerService
ADDED from AndroidManifest.xml:203:9
	android:name
		ADDED from AndroidManifest.xml:203:18
meta-data#com.google.android.gms.version
ADDED from AndroidManifest.xml:209:9
MERGED from com.google.android.gms:play-services-base:6.5.87:21:9
	android:name
		ADDED from AndroidManifest.xml:210:17
	android:value
		ADDED from AndroidManifest.xml:211:17
activity#android.support.v7.widget.TestActivity
ADDED from com.android.support:recyclerview-v7:21.0.0:18:9
	android:label
		ADDED from com.android.support:recyclerview-v7:21.0.0:18:19
	android:name
		ADDED from com.android.support:recyclerview-v7:21.0.0:18:60